C:\USERS\WALIED\DOCUMENTS\VISUAL STUDIO 2012\PROJECTS\NATIVEDEBUGGER\NATIVEDEBUGGER\X64\RELEASE\NATIVEDEBUGGER.PCH
C:\USERS\WALIED\DOCUMENTS\VISUAL STUDIO 2012\PROJECTS\NATIVEDEBUGGER\NATIVEDEBUGGER\X64\RELEASE\STDAFX.OBJ
C:\USERS\WALIED\DOCUMENTS\VISUAL STUDIO 2012\PROJECTS\NATIVEDEBUGGER\NATIVEDEBUGGER\X64\RELEASE\VC110.PDB
C:\USERS\WALIED\DOCUMENTS\VISUAL STUDIO 2012\PROJECTS\NATIVEDEBUGGER\NATIVEDEBUGGER\X64\RELEASE\NATIVEDEBUGGER.OBJ
C:\USERS\WALIED\DOCUMENTS\VISUAL STUDIO 2012\PROJECTS\NATIVEDEBUGGER\NATIVEDEBUGGER\X64\RELEASE\HEXDUMP.OBJ
C:\USERS\WALIED\DOCUMENTS\VISUAL STUDIO 2012\PROJECTS\NATIVEDEBUGGER\NATIVEDEBUGGER\X64\RELEASE\CREATEPROCESS.OBJ
C:\USERS\WALIED\DOCUMENTS\VISUAL STUDIO 2012\PROJECTS\NATIVEDEBUGGER\X64\RELEASE\NATIVEDEBUGGER.EXE
C:\USERS\WALIED\DOCUMENTS\VISUAL STUDIO 2012\PROJECTS\NATIVEDEBUGGER\X64\RELEASE\NATIVEDEBUGGER.PDB
c:\Users\walied\documents\visual studio 2012\Projects\NativeDebugger\NativeDebugger\x64\Release\CreateProcess.obj
c:\Users\walied\documents\visual studio 2012\Projects\NativeDebugger\NativeDebugger\x64\Release\HexDump.obj
c:\Users\walied\documents\visual studio 2012\Projects\NativeDebugger\NativeDebugger\x64\Release\NativeDebugger.obj
c:\Users\walied\documents\visual studio 2012\Projects\NativeDebugger\NativeDebugger\x64\Release\stdafx.obj
c:\Users\walied\documents\visual studio 2012\Projects\NativeDebugger\NativeDebugger\x64\Release\cl.command.1.tlog
c:\Users\walied\documents\visual studio 2012\Projects\NativeDebugger\NativeDebugger\x64\Release\CL.read.1.tlog
c:\Users\walied\documents\visual studio 2012\Projects\NativeDebugger\NativeDebugger\x64\Release\CL.write.1.tlog
c:\Users\walied\documents\visual studio 2012\Projects\NativeDebugger\NativeDebugger\x64\Release\link-cvtres.read.1.tlog
c:\Users\walied\documents\visual studio 2012\Projects\NativeDebugger\NativeDebugger\x64\Release\link-cvtres.write.1.tlog
c:\Users\walied\documents\visual studio 2012\Projects\NativeDebugger\NativeDebugger\x64\Release\link-rc.read.1.tlog
c:\Users\walied\documents\visual studio 2012\Projects\NativeDebugger\NativeDebugger\x64\Release\link-rc.write.1.tlog
c:\Users\walied\documents\visual studio 2012\Projects\NativeDebugger\NativeDebugger\x64\Release\link.command.1.tlog
c:\Users\walied\documents\visual studio 2012\Projects\NativeDebugger\NativeDebugger\x64\Release\link.read.1.tlog
c:\Users\walied\documents\visual studio 2012\Projects\NativeDebugger\NativeDebugger\x64\Release\link.write.1.tlog
c:\Users\walied\documents\visual studio 2012\Projects\NativeDebugger\NativeDebugger\x64\Release\NativeDebugger.pch
c:\Users\walied\documents\visual studio 2012\Projects\NativeDebugger\NativeDebugger\x64\Release\vc110.pdb
c:\users\walied\documents\visual studio 2012\Projects\NativeDebugger\x64\Release\NativeDebugger.pdb
c:\users\walied\documents\visual studio 2012\Projects\NativeDebugger\x64\Release\NativeDebugger.exe
